<?xml version="1.0" encoding="UTF-8"?>
<testng-results skipped="0" failed="0" ignored="0" total="2" passed="2">
  <reporter-output>
  </reporter-output>
  <suite name="Default suite" duration-ms="12449" started-at="2020-08-19T05:09:01Z" finished-at="2020-08-19T05:09:13Z">
    <groups>
    </groups>
    <test name="Default test" duration-ms="12449" started-at="2020-08-19T05:09:01Z" finished-at="2020-08-19T05:09:13Z">
      <class name="TestCase.LoginTC">
        <test-method status="PASS" signature="LoginTC1()[pri:0, instance:TestCase.LoginTC@4501b7af]" name="LoginTC1" duration-ms="12397" started-at="2020-08-19T05:09:01Z" finished-at="2020-08-19T05:09:13Z">
          <reporter-output>
          </reporter-output>
        </test-method> <!-- LoginTC1 -->
        <test-method status="PASS" signature="LoginTC2()[pri:0, instance:TestCase.LoginTC@4501b7af]" name="LoginTC2" duration-ms="4" started-at="2020-08-19T05:09:13Z" finished-at="2020-08-19T05:09:13Z">
          <reporter-output>
          </reporter-output>
        </test-method> <!-- LoginTC2 -->
      </class> <!-- TestCase.LoginTC -->
    </test> <!-- Default test -->
  </suite> <!-- Default suite -->
</testng-results>
